-- FreeFem++ v4.6 (Fri, Apr 03, 2020  2:08:08 PM - git v4.6)
 Load: lg_fem lg_mesh lg_mesh3 eigenvalue
    1 : real T=36000;
    2 : int N=1000;
 *** Warning  The identifier N hide a Global identifier
 
    3 : real Tf = 72*3600;
    4 : real dt = Tf/N;
    5 : int C1=10;
    6 : real P =0.01;
 *** Warning  The identifier P hide a Global identifier
 
    7 :
    8 : int nb=2;
    9 : real K=1000;
   10 : real D=2e-5;
   11 : real Text;
   12 :
   13 :
   14 : border C0(t=0., 2.*pi){x=cos(t); y=sin(t);}
   15 :
   16 : plot( C0(50),wait=true);
   17 :
   18 : mesh Th=buildmesh(C0(50*nb));
   19 :
   20 : plot(Th,wait=true);
   21 :
   22 : // Fonction f
   23 : func f=0;
   24 :
   25 : //Conditions initiales
   26 : func u0 = 15;
   27 :
   28 : real vmin=5;
   29 : real vmax = 25;
   30 : int nbv = 17;
   31 : real[int] valeurs(nbv);
   32 : for (int i=0; i<nbv;i++)
   33 : {
   34 :     valeurs[i]=i*(vmax-vmin)/(nbv-1)+vmin;
   35 : }
   36 :
   37 : // Definition de l'espace des elements finis P1 associe au maillage Th
   38 : fespace Vh(Th, P1);
   39 : Vh fh, uh, uold, vh;
   40 :
   41 : real[int] xx(Tf/dt+1), z1(Tf/dt+1), yy(Tf/dt+1), zz(Tf/dt+1), z2(Tf/dt+1);
   42 : int i=0;
   43 :
   44 : for( real t=0; t<Tf; t+=dt){
   45 :     uold=uh;
   46 :     real tempcenter = uh(0.0, 0.0);
   47 :     if(tempcenter >19){
   48 :         fh=0;
   49 :     }
   50 :     else {
   51 :         fh =P;
   52 :
   53 :
   54 :     }
   55 :     fh = f*P*(1-sin(pi*t/(12*3600)));
   56 :     Text = 15 + 5*sin(pi*t/(12*3600));
   57 :     solve thermic(uh, vh, solver=LU)=int2d(Th)(D*(dx(uh)*dx(vh)+dy(uh)*dy(vh)))-int2d(Th)(fh*vh) - int1d(Th)(D*vPbïh*K*Text) + int1d(Th)(D*K*uh*vh)+int2d(Th)(vh*uh/dt)- int2d(Th)(vh*uold/dt);
   58 :     plot(uh, wait=false, value=true, grey=false, fill=true, viso=valeurs);
   59 :
   60 :
   61 :
   62 :
   63 :
   64 :     xx[i]=t;
   65 :     yy[i]=Text;
   66 :     zz[i]=uh(0.0,0.0);
   67 :     z1[i] = fh(0.0,0.8);
   68 :     z2[i] = uh[].min;
   69 :     i++;
   70 : }
   71 : plot([xx,yy],[xx,zz],[xx,z1],[xx,z2], value=true,wait=true);
   72 :
   73 :  sizestack + 1024 =5040  ( 4016 )
 
  --  mesh:  Nb of Triangles =   1740, Nb of Vertices 921
  SkyLineMatrix: size pL/pU: 921 28912 28912 moy=31.392
  -- Solve :
          min 8.15459e-05  max 14.8402
  SkyLineMatrix: size pL/pU: 921 28912 28912 moy=31.392
  -- Solve :
          min 0.000687281  max 15.0054
  SkyLineMatrix: size pL/pU: 921 28912 28912 moy=31.392
  -- Solve :
          min 0.0030482  max 15.1198
  SkyLineMatrix: size pL/pU: 921 28912 28912 moy=31.392
  -- Solve :
          min 0.00950873  max 15.225
  SkyLineMatrix: size pL/pU: 921 28912 28912 moy=31.392
  -- Solve :
          min 0.0235118  max 15.3262
  SkyLineMatrix: size pL/pU: 921 28912 28912 moy=31.392
  -- Solve :
          min 0.0492094  max 15.4252
  SkyLineMatrix: size pL/pU: 921 28912 28912 moy=31.392
  -- Solve :
          min 0.0908603  max 15.5228
  SkyLineMatrix: size pL/pU: 921 28912 28912 moy=31.392
  -- Solve :
          min 0.152236  max 15.6194
  SkyLineMatrix: size pL/pU: 921 28912 28912 moy=31.392
  -- Solve :
          min 0.236191  max 15.7151
  SkyLineMatrix: size pL/pU: 921 28912 28912 moy=31.392
  -- Solve :
          min 0.344463  max 15.8102
  SkyLineMatrix: size pL/pU: 921 28912 28912 moy=31.392
  -- Solve :
          min 0.477664  max 15.9047
  SkyLineMatrix: size pL/pU: 921 28912 28912 moy=31.392
  -- Solve :
          min 0.635414  max 15.9986
  SkyLineMatrix: size pL/pU: 921 28912 28912 moy=31.392
  -- Solve :
          min 0.816547  max 16.092
  SkyLineMatrix: size pL/pU: 921 28912 28912 moy=31.392
  -- Solve :
          min 1.01933  max 16.1848
  SkyLineMatrix: size pL/pU: 921 28912 28912 moy=31.392
  -- Solve :
          min 1.24166  max 16.2771
  SkyLineMatrix: size pL/pU: 921 28912 28912 moy=31.392
  -- Solve :
          min 1.48127  max 16.3687
  SkyLineMatrix: size pL/pU: 921 28912 28912 moy=31.392
  -- Solve :
          min 1.73582  max 16.4599
  SkyLineMatrix: size pL/pU: 921 28912 28912 moy=31.392
  -- Solve :
          min 2.00302  max 16.5504
  SkyLineMatrix: size pL/pU: 921 28912 28912 moy=31.392
  -- Solve :
          min 2.28069  max 16.6402
  SkyLineMatrix: size pL/pU: 921 28912 28912 moy=31.392
  -- Solve :
          min 2.56682  max 16.7295
  SkyLineMatrix: size pL/pU: 921 28912 28912 moy=31.392
  -- Solve :
          min 2.85957  max 16.8181
  SkyLineMatrix: size pL/pU: 921 28912 28912 moy=31.392
  -- Solve :
          min 3.15729  max 16.9059
  SkyLineMatrix: size pL/pU: 921 28912 28912 moy=31.392
  -- Solve :
          min 3.4585  max 16.9931
  SkyLineMatrix: size pL/pU: 921 28912 28912 moy=31.392
  -- Solve :
          min 3.76191  max 17.0795
  SkyLineMatrix: size pL/pU: 921 28912 28912 moy=31.392
  -- Solve :
          min 4.0664  max 17.1651
  SkyLineMatrix: size pL/pU: 921 28912 28912 moy=31.392
  -- Solve :
          min 4.37101  max 17.25
  SkyLineMatrix: size pL/pU: 921 28912 28912 moy=31.392
  -- Solve :
          min 4.67488  max 17.334
  SkyLineMatrix: size pL/pU: 921 28912 28912 moy=31.392
  -- Solve :
          min 4.97732  max 17.4171
  SkyLineMatrix: size pL/pU: 921 28912 28912 moy=31.392
  -- Solve :
          min 5.27773  max 17.4994
  SkyLineMatrix: size pL/pU: 921 28912 28912 moy=31.392
  -- Solve :
          min 5.57559  max 17.5807
  SkyLineMatrix: size pL/pU: 921 28912 28912 moy=31.392
  -- Solve :
          min 5.8705  max 17.6612
  SkyLineMatrix: size pL/pU: 921 28912 28912 moy=31.392
  -- Solve :
          min 6.1621  max 17.7406
  SkyLineMatrix: size pL/pU: 921 28912 28912 moy=31.392
  -- Solve :
          min 6.45011  max 17.8191
  SkyLineMatrix: size pL/pU: 921 28912 28912 moy=31.392
  -- Solve :
          min 6.73431  max 17.8965
  SkyLineMatrix: size pL/pU: 921 28912 28912 moy=31.392
  -- Solve :
          min 7.01453  max 17.9729
  SkyLineMatrix: size pL/pU: 921 28912 28912 moy=31.392
  -- Solve :
          min 7.29061  max 18.0483
  SkyLineMatrix: size pL/pU: 921 28912 28912 moy=31.392
  -- Solve :
          min 7.56247  max 18.1225
  SkyLineMatrix: size pL/pU: 921 28912 28912 moy=31.392
  -- Solve :
          min 7.83002  max 18.1956
  SkyLineMatrix: size pL/pU: 921 28912 28912 moy=31.392
  -- Solve :
          min 8.09322  max 18.2676
  SkyLineMatrix: size pL/pU: 921 28912 28912 moy=31.392
  -- Solve :
          min 8.35205  max 18.3384
  SkyLineMatrix: size pL/pU: 921 28912 28912 moy=31.392
  -- Solve :
          min 8.60648  max 18.4079
  SkyLineMatrix: size pL/pU: 921 28912 28912 moy=31.392
  -- Solve :
          min 8.85654  max 18.4763
  SkyLineMatrix: size pL/pU: 921 28912 28912 moy=31.392
  -- Solve :
          min 9.10223  max 18.5434
  SkyLineMatrix: size pL/pU: 921 28912 28912 moy=31.392
  -- Solve :
          min 9.34359  max 18.6093
  SkyLineMatrix: size pL/pU: 921 28912 28912 moy=31.392
  -- Solve :
          min 9.58066  max 18.6739
  SkyLineMatrix: size pL/pU: 921 28912 28912 moy=31.392
  -- Solve :
          min 9.81347  max 18.7371
  SkyLineMatrix: size pL/pU: 921 28912 28912 moy=31.392
  -- Solve :
          min 10.0421  max 18.799
  SkyLineMatrix: size pL/pU: 921 28912 28912 moy=31.392
  -- Solve :
          min 10.2665  max 18.8596
  SkyLineMatrix: size pL/pU: 921 28912 28912 moy=31.392
  -- Solve :
          min 10.4869  max 18.9188
  SkyLineMatrix: size pL/pU: 921 28912 28912 moy=31.392
  -- Solve :
          min 10.7032  max 18.9765
  SkyLineMatrix: size pL/pU: 921 28912 28912 moy=31.392
  -- Solve :
          min 10.9156  max 19.0329
  SkyLineMatrix: size pL/pU: 921 28912 28912 moy=31.392
  -- Solve :
          min 11.124  max 19.0878
  SkyLineMatrix: size pL/pU: 921 28912 28912 moy=31.392
  -- Solve :
          min 11.3286  max 19.1413
  SkyLineMatrix: size pL/pU: 921 28912 28912 moy=31.392
  -- Solve :
          min 11.5294  max 19.1932
  SkyLineMatrix: size pL/pU: 921 28912 28912 moy=31.392
  -- Solve :
          min 11.7265  max 19.2437
  SkyLineMatrix: size pL/pU: 921 28912 28912 moy=31.392
  -- Solve :
          min 11.9199  max 19.2927
  SkyLineMatrix: size pL/pU: 921 28912 28912 moy=31.392
  -- Solve :
          min 12.1097  max 19.3401
  SkyLineMatrix: size pL/pU: 921 28912 28912 moy=31.392
  -- Solve :
          min 12.2959  max 19.386
  SkyLineMatrix: size pL/pU: 921 28912 28912 moy=31.392
  -- Solve :
          min 12.4787  max 19.4303
  SkyLineMatrix: size pL/pU: 921 28912 28912 moy=31.392
  -- Solve :
          min 12.6581  max 19.4731
  SkyLineMatrix: size pL/pU: 921 28912 28912 moy=31.392
  -- Solve :
          min 12.834  max 19.5142
  SkyLineMatrix: size pL/pU: 921 28912 28912 moy=31.392
  -- Solve :
          min 13.0067  max 19.5538
  SkyLineMatrix: size pL/pU: 921 28912 28912 moy=31.392
  -- Solve :
          min 13.1761  max 19.5917
  SkyLineMatrix: size pL/pU: 921 28912 28912 moy=31.392
  -- Solve :
          min 13.3423  max 19.628
  SkyLineMatrix: size pL/pU: 921 28912 28912 moy=31.392
  -- Solve :
          min 13.5053  max 19.6626
  SkyLineMatrix: size pL/pU: 921 28912 28912 moy=31.392
  -- Solve :
          min 13.6652  max 19.6956
  SkyLineMatrix: size pL/pU: 921 28912 28912 moy=31.392
  -- Solve :
          min 13.822  max 19.7269
  SkyLineMatrix: size pL/pU: 921 28912 28912 moy=31.392
  -- Solve :
          min 13.9759  max 19.7565
  SkyLineMatrix: size pL/pU: 921 28912 28912 moy=31.392
  -- Solve :
          min 14.1267  max 19.7844
  SkyLineMatrix: size pL/pU: 921 28912 28912 moy=31.392
  -- Solve :
          min 14.2746  max 19.8106
  SkyLineMatrix: size pL/pU: 921 28912 28912 moy=31.392
  -- Solve :
          min 14.4196  max 19.8351
  SkyLineMatrix: size pL/pU: 921 28912 28912 moy=31.392
  -- Solve :
          min 14.5617  max 19.8579
  SkyLineMatrix: size pL/pU: 921 28912 28912 moy=31.392
  -- Solve :
          min 14.7011  max 19.879
  SkyLineMatrix: size pL/pU: 921 28912 28912 moy=31.392
  -- Solve :
          min 14.8376  max 19.8983
  SkyLineMatrix: size pL/pU: 921 28912 28912 moy=31.392
  -- Solve :
          min 14.9714  max 19.9159
  SkyLineMatrix: size pL/pU: 921 28912 28912 moy=31.392
  -- Solve :
          min 15.1025  max 19.9317
  SkyLineMatrix: size pL/pU: 921 28912 28912 moy=31.392
  -- Solve :
          min 15.2309  max 19.9458
  SkyLineMatrix: size pL/pU: 921 28912 28912 moy=31.392
  -- Solve :
          min 15.3566  max 19.9581
  SkyLineMatrix: size pL/pU: 921 28912 28912 moy=31.392
  -- Solve :
          min 15.4797  max 19.9686
  SkyLineMatrix: size pL/pU: 921 28912 28912 moy=31.392
  -- Solve :
          min 15.6003  max 19.9774
  SkyLineMatrix: size pL/pU: 921 28912 28912 moy=31.392
  -- Solve :
          min 15.7182  max 19.9844
  SkyLineMatrix: size pL/pU: 921 28912 28912 moy=31.392
  -- Solve :
          min 15.8336  max 19.9896
  SkyLineMatrix: size pL/pU: 921 28912 28912 moy=31.392
  -- Solve :
          min 15.9465  max 19.9931
  SkyLineMatrix: size pL/pU: 921 28912 28912 moy=31.392
  -- Solve :
          min 16.057  max 19.9948
  SkyLineMatrix: size pL/pU: 921 28912 28912 moy=31.392
  -- Solve :
          min 16.1649  max 19.9947
  SkyLineMatrix: size pL/pU: 921 28912 28912 moy=31.392
  -- Solve :
          min 16.2704  max 19.9928
  SkyLineMatrix: size pL/pU: 921 28912 28912 moy=31.392
  -- Solve :
          min 16.3735  max 19.9891
  SkyLineMatrix: size pL/pU: 921 28912 28912 moy=31.392
  -- Solve :
          min 16.4742  max 19.9837
  SkyLineMatrix: size pL/pU: 921 28912 28912 moy=31.392
  -- Solve :
          min 16.5724  max 19.9765
  SkyLineMatrix: size pL/pU: 921 28912 28912 moy=31.392
  -- Solve :
          min 16.6684  max 19.9675
  SkyLineMatrix: size pL/pU: 921 28912 28912 moy=31.392
  -- Solve :
          min 16.762  max 19.9568
  SkyLineMatrix: size pL/pU: 921 28912 28912 moy=31.392
  -- Solve :
          min 16.8532  max 19.9443
  SkyLineMatrix: size pL/pU: 921 28912 28912 moy=31.392
  -- Solve :
          min 16.9422  max 19.93
  SkyLineMatrix: size pL/pU: 921 28912 28912 moy=31.392
  -- Solve :
          min 17.0288  max 19.914
  SkyLineMatrix: size pL/pU: 921 28912 28912 moy=31.392
  -- Solve :
          min 17.1132  max 19.8963
  SkyLineMatrix: size pL/pU: 921 28912 28912 moy=31.392
  -- Solve :
          min 17.1953  max 19.8768
  SkyLineMatrix: size pL/pU: 921 28912 28912 moy=31.392
  -- Solve :
          min 17.2751  max 19.8555
  SkyLineMatrix: size pL/pU: 921 28912 28912 moy=31.392
  -- Solve :
          min 17.3528  max 19.8326
  SkyLineMatrix: size pL/pU: 921 28912 28912 moy=31.392
  -- Solve :
          min 17.4282  max 19.8079
  SkyLineMatrix: size pL/pU: 921 28912 28912 moy=31.392
  -- Solve :
          min 17.5014  max 19.7815
  SkyLineMatrix: size pL/pU: 921 28912 28912 moy=31.392
  -- Solve :
          min 17.5724  max 19.7534
  SkyLineMatrix: size pL/pU: 921 28912 28912 moy=31.392
  -- Solve :
          min 17.6412  max 19.7237
  SkyLineMatrix: size pL/pU: 921 28912 28912 moy=31.392
  -- Solve :
          min 17.7078  max 19.6922
  SkyLineMatrix: size pL/pU: 921 28912 28912 moy=31.392
  -- Solve :
          min 17.7723  max 19.6591
  SkyLineMatrix: size pL/pU: 921 28912 28912 moy=31.392
  -- Solve :
          min 17.8347  max 19.6243
  SkyLineMatrix: size pL/pU: 921 28912 28912 moy=31.392
  -- Solve :
          min 17.8949  max 19.5879
  SkyLineMatrix: size pL/pU: 921 28912 28912 moy=31.392
  -- Solve :
          min 17.953  max 19.5498
  SkyLineMatrix: size pL/pU: 921 28912 28912 moy=31.392
  -- Solve :
          min 18.009  max 19.5101
  SkyLineMatrix: size pL/pU: 921 28912 28912 moy=31.392
  -- Solve :
          min 18.0629  max 19.4688
  SkyLineMatrix: size pL/pU: 921 28912 28912 moy=31.392
  -- Solve :
          min 18.1147  max 19.426
  SkyLineMatrix: size pL/pU: 921 28912 28912 moy=31.392
  -- Solve :
          min 18.1644  max 19.3815
  SkyLineMatrix: size pL/pU: 921 28912 28912 moy=31.392
  -- Solve :
          min 18.212  max 19.3355
  SkyLineMatrix: size pL/pU: 921 28912 28912 moy=31.392
  -- Solve :
          min 18.2576  max 19.2881
  SkyLineMatrix: size pL/pU: 921 28912 28912 moy=31.392
  -- Solve :
          min 18.3012  max 19.2477
  SkyLineMatrix: size pL/pU: 921 28912 28912 moy=31.392
  -- Solve :
          min 18.3427  max 19.207
  SkyLineMatrix: size pL/pU: 921 28912 28912 moy=31.392
  -- Solve :
          min 18.3822  max 19.1674
  SkyLineMatrix: size pL/pU: 921 28912 28912 moy=31.392
  -- Solve :
          min 18.4197  max 19.1283
  SkyLineMatrix: size pL/pU: 921 28912 28912 moy=31.392
  -- Solve :
          min 18.4551  max 19.094
  SkyLineMatrix: size pL/pU: 921 28912 28912 moy=31.392
  -- Solve :
          min 18.4886  max 19.0593
  SkyLineMatrix: size pL/pU: 921 28912 28912 moy=31.392
  -- Solve :
          min 18.5201  max 19.0274
  SkyLineMatrix: size pL/pU: 921 28912 28912 moy=31.392
  -- Solve :
          min 18.5496  max 18.9964
  SkyLineMatrix: size pL/pU: 921 28912 28912 moy=31.392
  -- Solve :
          min 18.5772  max 18.9689
  SkyLineMatrix: size pL/pU: 921 28912 28912 moy=31.392
  -- Solve :
          min 18.6028  max 18.942
  SkyLineMatrix: size pL/pU: 921 28912 28912 moy=31.392
  -- Solve :
          min 18.6264  max 18.9173
  SkyLineMatrix: size pL/pU: 921 28912 28912 moy=31.392
  -- Solve :
          min 18.6035  max 18.8943
  SkyLineMatrix: size pL/pU: 921 28912 28912 moy=31.392
  -- Solve :
          min 18.5376  max 18.8732
  SkyLineMatrix: size pL/pU: 921 28912 28912 moy=31.392
  -- Solve :
          min 18.4705  max 18.8547
  SkyLineMatrix: size pL/pU: 921 28912 28912 moy=31.392
  -- Solve :
          min 18.4022  max 18.837
  SkyLineMatrix: size pL/pU: 921 28912 28912 moy=31.392
  -- Solve :
          min 18.3326  max 18.8214
  SkyLineMatrix: size pL/pU: 921 28912 28912 moy=31.392
  -- Solve :
          min 18.2619  max 18.8077
  SkyLineMatrix: size pL/pU: 921 28912 28912 moy=31.392
  -- Solve :
          min 18.19  max 18.7958
  SkyLineMatrix: size pL/pU: 921 28912 28912 moy=31.392
  -- Solve :
          min 18.1169  max 18.7859
  SkyLineMatrix: size pL/pU: 921 28912 28912 moy=31.392
  -- Solve :
          min 18.0428  max 18.7777
  SkyLineMatrix: size pL/pU: 921 28912 28912 moy=31.392
  -- Solve :
          min 17.9675  max 18.7712
  SkyLineMatrix: size pL/pU: 921 28912 28912 moy=31.392
  -- Solve :
          min 17.8913  max 18.7666
  SkyLineMatrix: size pL/pU: 921 28912 28912 moy=31.392
  -- Solve :
          min 17.8139  max 18.7637
  SkyLineMatrix: size pL/pU: 921 28912 28912 moy=31.392
  -- Solve :
          min 17.7356  max 18.7624
  SkyLineMatrix: size pL/pU: 921 28912 28912 moy=31.392
  -- Solve :
          min 17.6563  max 18.7601
  SkyLineMatrix: size pL/pU: 921 28912 28912 moy=31.392
  -- Solve :
          min 17.5761  max 18.756
  SkyLineMatrix: size pL/pU: 921 28912 28912 moy=31.392
  -- Solve :
          min 17.495  max 18.7502
  SkyLineMatrix: size pL/pU: 921 28912 28912 moy=31.392
  -- Solve :
          min 17.4129  max 18.7427
  SkyLineMatrix: size pL/pU: 921 28912 28912 moy=31.392
  -- Solve :
          min 17.3301  max 18.7334
  SkyLineMatrix: size pL/pU: 921 28912 28912 moy=31.392
  -- Solve :
          min 17.2463  max 18.7224
  SkyLineMatrix: size pL/pU: 921 28912 28912 moy=31.392
  -- Solve :
          min 17.1618  max 18.7097
  SkyLineMatrix: size pL/pU: 921 28912 28912 moy=31.392
  -- Solve :
          min 17.0765  max 18.6954
  SkyLineMatrix: size pL/pU: 921 28912 28912 moy=31.392
  -- Solve :
          min 16.9905  max 18.6794
  SkyLineMatrix: size pL/pU: 921 28912 28912 moy=31.392
  -- Solve :
          min 16.9038  max 18.6617
  SkyLineMatrix: size pL/pU: 921 28912 28912 moy=31.392
  -- Solve :
          min 16.8164  max 18.6425
  SkyLineMatrix: size pL/pU: 921 28912 28912 moy=31.392
  -- Solve :
          min 16.7283  max 18.6216
  SkyLineMatrix: size pL/pU: 921 28912 28912 moy=31.392
  -- Solve :
          min 16.6397  max 18.5991
  SkyLineMatrix: size pL/pU: 921 28912 28912 moy=31.392
  -- Solve :
          min 16.5504  max 18.5751
  SkyLineMatrix: size pL/pU: 921 28912 28912 moy=31.392
  -- Solve :
          min 16.4606  max 18.5495
  SkyLineMatrix: size pL/pU: 921 28912 28912 moy=31.392
  -- Solve :
          min 16.3703  max 18.5223
  SkyLineMatrix: size pL/pU: 921 28912 28912 moy=31.392
  -- Solve :
          min 16.2795  max 18.4936
  SkyLineMatrix: size pL/pU: 921 28912 28912 moy=31.392
  -- Solve :
          min 16.1882  max 18.4635
  SkyLineMatrix: size pL/pU: 921 28912 28912 moy=31.392
  -- Solve :
          min 16.0965  max 18.4318
  SkyLineMatrix: size pL/pU: 921 28912 28912 moy=31.392
  -- Solve :
          min 16.0045  max 18.3986
  SkyLineMatrix: size pL/pU: 921 28912 28912 moy=31.392
  -- Solve :
          min 15.912  max 18.3641
  SkyLineMatrix: size pL/pU: 921 28912 28912 moy=31.392
  -- Solve :
          min 15.8193  max 18.328
  SkyLineMatrix: size pL/pU: 921 28912 28912 moy=31.392
  -- Solve :
          min 15.7262  max 18.2906
  SkyLineMatrix: size pL/pU: 921 28912 28912 moy=31.392
  -- Solve :
          min 15.6329  max 18.2518
  SkyLineMatrix: size pL/pU: 921 28912 28912 moy=31.392
  -- Solve :
          min 15.5394  max 18.2116
  SkyLineMatrix: size pL/pU: 921 28912 28912 moy=31.392
  -- Solve :
          min 15.4457  max 18.17
  SkyLineMatrix: size pL/pU: 921 28912 28912 moy=31.392
  -- Solve :
          min 15.3518  max 18.1272
  SkyLineMatrix: size pL/pU: 921 28912 28912 moy=31.392
  -- Solve :
          min 15.2578  max 18.083
  SkyLineMatrix: size pL/pU: 921 28912 28912 moy=31.392
  -- Solve :
          min 15.1637  max 18.0375
  SkyLineMatrix: size pL/pU: 921 28912 28912 moy=31.392
  -- Solve :
          min 15.0695  max 17.9908
  SkyLineMatrix: size pL/pU: 921 28912 28912 moy=31.392
  -- Solve :
          min 14.9753  max 17.9428
  SkyLineMatrix: size pL/pU: 921 28912 28912 moy=31.392
  -- Solve :
          min 14.8811  max 17.8936
  SkyLineMatrix: size pL/pU: 921 28912 28912 moy=31.392
  -- Solve :
          min 14.787  max 17.8432
  SkyLineMatrix: size pL/pU: 921 28912 28912 moy=31.392
  -- Solve :
          min 14.693  max 17.7916
  SkyLineMatrix: size pL/pU: 921 28912 28912 moy=31.392
  -- Solve :
          min 14.599  max 17.7389
  SkyLineMatrix: size pL/pU: 921 28912 28912 moy=31.392
  -- Solve :
          min 14.5052  max 17.6851
  SkyLineMatrix: size pL/pU: 921 28912 28912 moy=31.392
  -- Solve :
          min 14.4116  max 17.6301
  SkyLineMatrix: size pL/pU: 921 28912 28912 moy=31.392
  -- Solve :
          min 14.3182  max 17.5741
  SkyLineMatrix: size pL/pU: 921 28912 28912 moy=31.392
  -- Solve :
          min 14.225  max 17.517
  SkyLineMatrix: size pL/pU: 921 28912 28912 moy=31.392
  -- Solve :
          min 14.1321  max 17.4589
  SkyLineMatrix: size pL/pU: 921 28912 28912 moy=31.392
  -- Solve :
          min 14.0395  max 17.3997
  SkyLineMatrix: size pL/pU: 921 28912 28912 moy=31.392
  -- Solve :
          min 13.9472  max 17.3396
  SkyLineMatrix: size pL/pU: 921 28912 28912 moy=31.392
  -- Solve :
          min 13.8553  max 17.2785
  SkyLineMatrix: size pL/pU: 921 28912 28912 moy=31.392
  -- Solve :
          min 13.7639  max 17.2165
  SkyLineMatrix: size pL/pU: 921 28912 28912 moy=31.392
  -- Solve :
          min 13.6728  max 17.1536
  SkyLineMatrix: size pL/pU: 921 28912 28912 moy=31.392
  -- Solve :
          min 13.5823  max 17.0898
  SkyLineMatrix: size pL/pU: 921 28912 28912 moy=31.392
  -- Solve :
          min 13.4922  max 17.0252
  SkyLineMatrix: size pL/pU: 921 28912 28912 moy=31.392
  -- Solve :
          min 13.4027  max 16.9597
  SkyLineMatrix: size pL/pU: 921 28912 28912 moy=31.392
  -- Solve :
          min 13.3137  max 16.8934
  SkyLineMatrix: size pL/pU: 921 28912 28912 moy=31.392
  -- Solve :
          min 13.2254  max 16.8263
  SkyLineMatrix: size pL/pU: 921 28912 28912 moy=31.392
  -- Solve :
          min 13.1376  max 16.7585
  SkyLineMatrix: size pL/pU: 921 28912 28912 moy=31.392
  -- Solve :
          min 13.0506  max 16.69
  SkyLineMatrix: size pL/pU: 921 28912 28912 moy=31.392
  -- Solve :
          min 12.9642  max 16.6208
  SkyLineMatrix: size pL/pU: 921 28912 28912 moy=31.392
  -- Solve :
          min 12.8786  max 16.5509
  SkyLineMatrix: size pL/pU: 921 28912 28912 moy=31.392
  -- Solve :
          min 12.7937  max 16.4804
  SkyLineMatrix: size pL/pU: 921 28912 28912 moy=31.392
  -- Solve :
          min 12.7095  max 16.4092
  SkyLineMatrix: size pL/pU: 921 28912 28912 moy=31.392
  -- Solve :
          min 12.6262  max 16.3375
  SkyLineMatrix: size pL/pU: 921 28912 28912 moy=31.392
  -- Solve :
          min 12.5438  max 16.2652
  SkyLineMatrix: size pL/pU: 921 28912 28912 moy=31.392
  -- Solve :
          min 12.4622  max 16.1924
  SkyLineMatrix: size pL/pU: 921 28912 28912 moy=31.392
  -- Solve :
          min 12.3815  max 16.1191
  SkyLineMatrix: size pL/pU: 921 28912 28912 moy=31.392
  -- Solve :
          min 12.3018  max 16.0453
  SkyLineMatrix: size pL/pU: 921 28912 28912 moy=31.392
  -- Solve :
          min 12.223  max 15.9711
  SkyLineMatrix: size pL/pU: 921 28912 28912 moy=31.392
  -- Solve :
          min 12.1452  max 15.8964
  SkyLineMatrix: size pL/pU: 921 28912 28912 moy=31.392
  -- Solve :
          min 12.0684  max 15.8214
  SkyLineMatrix: size pL/pU: 921 28912 28912 moy=31.392
  -- Solve :
          min 11.9926  max 15.746
  SkyLineMatrix: size pL/pU: 921 28912 28912 moy=31.392
  -- Solve :
          min 11.918  max 15.6703
  SkyLineMatrix: size pL/pU: 921 28912 28912 moy=31.392
  -- Solve :
          min 11.8444  max 15.5943
  SkyLineMatrix: size pL/pU: 921 28912 28912 moy=31.392
  -- Solve :
          min 11.7719  max 15.518
  SkyLineMatrix: size pL/pU: 921 28912 28912 moy=31.392
  -- Solve :
          min 11.7006  max 15.4414
  SkyLineMatrix: size pL/pU: 921 28912 28912 moy=31.392
  -- Solve :
          min 11.6304  max 15.3647
  SkyLineMatrix: size pL/pU: 921 28912 28912 moy=31.392
  -- Solve :
          min 11.5615  max 15.2878
  SkyLineMatrix: size pL/pU: 921 28912 28912 moy=31.392
  -- Solve :
          min 11.4938  max 15.2107
  SkyLineMatrix: size pL/pU: 921 28912 28912 moy=31.392
  -- Solve :
          min 11.4273  max 15.1335
  SkyLineMatrix: size pL/pU: 921 28912 28912 moy=31.392
  -- Solve :
          min 11.3621  max 15.0561
  SkyLineMatrix: size pL/pU: 921 28912 28912 moy=31.392
  -- Solve :
          min 11.2981  max 14.9788
  SkyLineMatrix: size pL/pU: 921 28912 28912 moy=31.392
  -- Solve :
          min 11.2355  max 14.9013
  SkyLineMatrix: size pL/pU: 921 28912 28912 moy=31.392
  -- Solve :
          min 11.1743  max 14.8239
  SkyLineMatrix: size pL/pU: 921 28912 28912 moy=31.392
  -- Solve :
          min 11.1144  max 14.7465
  SkyLineMatrix: size pL/pU: 921 28912 28912 moy=31.392
  -- Solve :
          min 11.0558  max 14.6691
  SkyLineMatrix: size pL/pU: 921 28912 28912 moy=31.392
  -- Solve :
          min 10.9987  max 14.5918
  SkyLineMatrix: size pL/pU: 921 28912 28912 moy=31.392
  -- Solve :
          min 10.943  max 14.5146
  SkyLineMatrix: size pL/pU: 921 28912 28912 moy=31.392
  -- Solve :
          min 10.8887  max 14.4376
  SkyLineMatrix: size pL/pU: 921 28912 28912 moy=31.392
  -- Solve :
          min 10.8359  max 14.3607
  SkyLineMatrix: size pL/pU: 921 28912 28912 moy=31.392
  -- Solve :
          min 10.7846  max 14.284
  SkyLineMatrix: size pL/pU: 921 28912 28912 moy=31.392
  -- Solve :
          min 10.7348  max 14.2075
  SkyLineMatrix: size pL/pU: 921 28912 28912 moy=31.392
  -- Solve :
          min 10.6865  max 14.1312
  SkyLineMatrix: size pL/pU: 921 28912 28912 moy=31.392
  -- Solve :
          min 10.6397  max 14.0553
  SkyLineMatrix: size pL/pU: 921 28912 28912 moy=31.392
  -- Solve :
          min 10.5945  max 13.9796
  SkyLineMatrix: size pL/pU: 921 28912 28912 moy=31.392
  -- Solve :
          min 10.5508  max 13.9043
  SkyLineMatrix: size pL/pU: 921 28912 28912 moy=31.392
  -- Solve :
          min 10.5087  max 13.8293
  SkyLineMatrix: size pL/pU: 921 28912 28912 moy=31.392
  -- Solve :
          min 10.4682  max 13.7547
  SkyLineMatrix: size pL/pU: 921 28912 28912 moy=31.392
  -- Solve :
          min 10.4293  max 13.6805
  SkyLineMatrix: size pL/pU: 921 28912 28912 moy=31.392
  -- Solve :
          min 10.3921  max 13.6068
  SkyLineMatrix: size pL/pU: 921 28912 28912 moy=31.392
  -- Solve :
          min 10.3565  max 13.5335
  SkyLineMatrix: size pL/pU: 921 28912 28912 moy=31.392
  -- Solve :
          min 10.3225  max 13.4607
  SkyLineMatrix: size pL/pU: 921 28912 28912 moy=31.392
  -- Solve :
          min 10.2902  max 13.3885
  SkyLineMatrix: size pL/pU: 921 28912 28912 moy=31.392
  -- Solve :
          min 10.2596  max 13.3167
  SkyLineMatrix: size pL/pU: 921 28912 28912 moy=31.392
  -- Solve :
          min 10.2306  max 13.2456
  SkyLineMatrix: size pL/pU: 921 28912 28912 moy=31.392
  -- Solve :
          min 10.2034  max 13.1751
  SkyLineMatrix: size pL/pU: 921 28912 28912 moy=31.392
  -- Solve :
          min 10.1778  max 13.1051
  SkyLineMatrix: size pL/pU: 921 28912 28912 moy=31.392
  -- Solve :
          min 10.154  max 13.0359
  SkyLineMatrix: size pL/pU: 921 28912 28912 moy=31.392
  -- Solve :
          min 10.1319  max 12.9673
  SkyLineMatrix: size pL/pU: 921 28912 28912 moy=31.392
  -- Solve :
          min 10.1115  max 12.8994
  SkyLineMatrix: size pL/pU: 921 28912 28912 moy=31.392
  -- Solve :
          min 10.0928  max 12.8322
  SkyLineMatrix: size pL/pU: 921 28912 28912 moy=31.392
  -- Solve :
          min 10.0759  max 12.7658
  SkyLineMatrix: size pL/pU: 921 28912 28912 moy=31.392
  -- Solve :
          min 10.0608  max 12.7002
  SkyLineMatrix: size pL/pU: 921 28912 28912 moy=31.392
  -- Solve :
          min 10.0474  max 12.6353
  SkyLineMatrix: size pL/pU: 921 28912 28912 moy=31.392
  -- Solve :
          min 10.0357  max 12.5713
  SkyLineMatrix: size pL/pU: 921 28912 28912 moy=31.392
  -- Solve :
          min 10.0258  max 12.5081
  SkyLineMatrix: size pL/pU: 921 28912 28912 moy=31.392
  -- Solve :
          min 10.0177  max 12.4458
  SkyLineMatrix: size pL/pU: 921 28912 28912 moy=31.392
  -- Solve :
          min 10.0114  max 12.3844
  SkyLineMatrix: size pL/pU: 921 28912 28912 moy=31.392
  -- Solve :
          min 10.0068  max 12.3239
  SkyLineMatrix: size pL/pU: 921 28912 28912 moy=31.392
  -- Solve :
          min 10.004  max 12.2643
  SkyLineMatrix: size pL/pU: 921 28912 28912 moy=31.392
  -- Solve :
          min 10.003  max 12.2057
  SkyLineMatrix: size pL/pU: 921 28912 28912 moy=31.392
  -- Solve :
          min 10.0037  max 12.1481
  SkyLineMatrix: size pL/pU: 921 28912 28912 moy=31.392
  -- Solve :
          min 10.0063  max 12.0914
  SkyLineMatrix: size pL/pU: 921 28912 28912 moy=31.392
  -- Solve :
          min 10.0106  max 12.0358
  SkyLineMatrix: size pL/pU: 921 28912 28912 moy=31.392
  -- Solve :
          min 10.0166  max 11.9812
  SkyLineMatrix: size pL/pU: 921 28912 28912 moy=31.392
  -- Solve :
          min 10.0245  max 11.9277
  SkyLineMatrix: size pL/pU: 921 28912 28912 moy=31.392
  -- Solve :
          min 10.0341  max 11.8753
  SkyLineMatrix: size pL/pU: 921 28912 28912 moy=31.392
  -- Solve :
          min 10.0455  max 11.8239
  SkyLineMatrix: size pL/pU: 921 28912 28912 moy=31.392
  -- Solve :
          min 10.0586  max 11.7737
  SkyLineMatrix: size pL/pU: 921 28912 28912 moy=31.392
  -- Solve :
          min 10.0735  max 11.7246
  SkyLineMatrix: size pL/pU: 921 28912 28912 moy=31.392
  -- Solve :
          min 10.0901  max 11.6767
  SkyLineMatrix: size pL/pU: 921 28912 28912 moy=31.392
  -- Solve :
          min 10.1085  max 11.6299
  SkyLineMatrix: size pL/pU: 921 28912 28912 moy=31.392
  -- Solve :
          min 10.1286  max 11.5843
  SkyLineMatrix: size pL/pU: 921 28912 28912 moy=31.392
  -- Solve :
          min 10.1505  max 11.5399
  SkyLineMatrix: size pL/pU: 921 28912 28912 moy=31.392
  -- Solve :
          min 10.1741  max 11.4968
  SkyLineMatrix: size pL/pU: 921 28912 28912 moy=31.392
  -- Solve :
          min 10.1993  max 11.4548
  SkyLineMatrix: size pL/pU: 921 28912 28912 moy=31.392
  -- Solve :
          min 10.2263  max 11.4142
  SkyLineMatrix: size pL/pU: 921 28912 28912 moy=31.392
  -- Solve :
          min 10.255  max 11.3747
  SkyLineMatrix: size pL/pU: 921 28912 28912 moy=31.392
  -- Solve :
          min 10.2854  max 11.3366
  SkyLineMatrix: size pL/pU: 921 28912 28912 moy=31.392
  -- Solve :
          min 10.3175  max 11.2998
  SkyLineMatrix: size pL/pU: 921 28912 28912 moy=31.392
  -- Solve :
          min 10.3512  max 11.2642
  SkyLineMatrix: size pL/pU: 921 28912 28912 moy=31.392
  -- Solve :
          min 10.3865  max 11.23
  SkyLineMatrix: size pL/pU: 921 28912 28912 moy=31.392
  -- Solve :
          min 10.4235  max 11.1971
  SkyLineMatrix: size pL/pU: 921 28912 28912 moy=31.392
  -- Solve :
          min 10.4563  max 11.1656
  SkyLineMatrix: size pL/pU: 921 28912 28912 moy=31.392
  -- Solve :
          min 10.4881  max 11.1354
  SkyLineMatrix: size pL/pU: 921 28912 28912 moy=31.392
  -- Solve :
          min 10.5194  max 11.1066
  SkyLineMatrix: size pL/pU: 921 28912 28912 moy=31.392
  -- Solve :
          min 10.5501  max 11.0791
  SkyLineMatrix: size pL/pU: 921 28912 28912 moy=31.392
  -- Solve :
          min 10.5772  max 11.0531
  SkyLineMatrix: size pL/pU: 921 28912 28912 moy=31.392
  -- Solve :
          min 10.6045  max 11.0284
  SkyLineMatrix: size pL/pU: 921 28912 28912 moy=31.392
  -- Solve :
          min 10.6295  max 11.0051
  SkyLineMatrix: size pL/pU: 921 28912 28912 moy=31.392
  -- Solve :
          min 10.6532  max 10.9833
  SkyLineMatrix: size pL/pU: 921 28912 28912 moy=31.392
  -- Solve :
          min 10.6757  max 10.9629
  SkyLineMatrix: size pL/pU: 921 28912 28912 moy=31.392
  -- Solve :
          min 10.6959  max 10.9439
  SkyLineMatrix: size pL/pU: 921 28912 28912 moy=31.392
  -- Solve :
          min 10.7152  max 10.935
  SkyLineMatrix: size pL/pU: 921 28912 28912 moy=31.392
  -- Solve :
          min 10.7332  max 10.9905
  SkyLineMatrix: size pL/pU: 921 28912 28912 moy=31.392
  -- Solve :
          min 10.7492  max 11.0474
  SkyLineMatrix: size pL/pU: 921 28912 28912 moy=31.392
  -- Solve :
          min 10.7638  max 11.1057
  SkyLineMatrix: size pL/pU: 921 28912 28912 moy=31.392
  -- Solve :
          min 10.7771  max 11.1654
  SkyLineMatrix: size pL/pU: 921 28912 28912 moy=31.392
  -- Solve :
          min 10.789  max 11.2265
  SkyLineMatrix: size pL/pU: 921 28912 28912 moy=31.392
  -- Solve :
          min 10.7993  max 11.2889
  SkyLineMatrix: size pL/pU: 921 28912 28912 moy=31.392
  -- Solve :
          min 10.8077  max 11.3527
  SkyLineMatrix: size pL/pU: 921 28912 28912 moy=31.392
  -- Solve :
          min 10.8151  max 11.4177
  SkyLineMatrix: size pL/pU: 921 28912 28912 moy=31.392
  -- Solve :
          min 10.8209  max 11.484
  SkyLineMatrix: size pL/pU: 921 28912 28912 moy=31.392
  -- Solve :
          min 10.8252  max 11.5515
  SkyLineMatrix: size pL/pU: 921 28912 28912 moy=31.392
  -- Solve :
          min 10.8279  max 11.6203
  SkyLineMatrix: size pL/pU: 921 28912 28912 moy=31.392
  -- Solve :
          min 10.8293  max 11.6903
  SkyLineMatrix: size pL/pU: 921 28912 28912 moy=31.392
  -- Solve :
          min 10.8308  max 11.7614
  SkyLineMatrix: size pL/pU: 921 28912 28912 moy=31.392
  -- Solve :
          min 10.8338  max 11.8337
  SkyLineMatrix: size pL/pU: 921 28912 28912 moy=31.392
  -- Solve :
          min 10.8382  max 11.9072
  SkyLineMatrix: size pL/pU: 921 28912 28912 moy=31.392
  -- Solve :
          min 10.8441  max 11.9817
  SkyLineMatrix: size pL/pU: 921 28912 28912 moy=31.392
  -- Solve :
          min 10.8515  max 12.0573
  SkyLineMatrix: size pL/pU: 921 28912 28912 moy=31.392
  -- Solve :
          min 10.8604  max 12.1339
  SkyLineMatrix: size pL/pU: 921 28912 28912 moy=31.392
  -- Solve :
          min 10.8707  max 12.2116
  SkyLineMatrix: size pL/pU: 921 28912 28912 moy=31.392
  -- Solve :
          min 10.8825  max 12.2902
  SkyLineMatrix: size pL/pU: 921 28912 28912 moy=31.392
  -- Solve :
          min 10.8958  max 12.3699
  SkyLineMatrix: size pL/pU: 921 28912 28912 moy=31.392
  -- Solve :
          min 10.9105  max 12.4504
  SkyLineMatrix: size pL/pU: 921 28912 28912 moy=31.392
  -- Solve :
          min 10.9266  max 12.5319
  SkyLineMatrix: size pL/pU: 921 28912 28912 moy=31.392
  -- Solve :
          min 10.9442  max 12.6142
  SkyLineMatrix: size pL/pU: 921 28912 28912 moy=31.392
  -- Solve :
          min 10.9633  max 12.6974
  SkyLineMatrix: size pL/pU: 921 28912 28912 moy=31.392
  -- Solve :
          min 10.9837  max 12.7814
  SkyLineMatrix: size pL/pU: 921 28912 28912 moy=31.392
  -- Solve :
          min 11.0056  max 12.8662
  SkyLineMatrix: size pL/pU: 921 28912 28912 moy=31.392
  -- Solve :
          min 11.0289  max 12.9517
  SkyLineMatrix: size pL/pU: 921 28912 28912 moy=31.392
  -- Solve :
          min 11.0537  max 13.038
  SkyLineMatrix: size pL/pU: 921 28912 28912 moy=31.392
  -- Solve :
          min 11.0798  max 13.1249
  SkyLineMatrix: size pL/pU: 921 28912 28912 moy=31.392
  -- Solve :
          min 11.1073  max 13.2126
  SkyLineMatrix: size pL/pU: 921 28912 28912 moy=31.392
  -- Solve :
          min 11.1362  max 13.3009
  SkyLineMatrix: size pL/pU: 921 28912 28912 moy=31.392
  -- Solve :
          min 11.1664  max 13.3897
  SkyLineMatrix: size pL/pU: 921 28912 28912 moy=31.392
  -- Solve :
          min 11.1981  max 13.4792
  SkyLineMatrix: size pL/pU: 921 28912 28912 moy=31.392
  -- Solve :
          min 11.231  max 13.5692
  SkyLineMatrix: size pL/pU: 921 28912 28912 moy=31.392
  -- Solve :
          min 11.2653  max 13.6597
  SkyLineMatrix: size pL/pU: 921 28912 28912 moy=31.392
  -- Solve :
          min 11.301  max 13.7506
  SkyLineMatrix: size pL/pU: 921 28912 28912 moy=31.392
  -- Solve :
          min 11.3379  max 13.842
  SkyLineMatrix: size pL/pU: 921 28912 28912 moy=31.392
  -- Solve :
          min 11.3762  max 13.9339
  SkyLineMatrix: size pL/pU: 921 28912 28912 moy=31.392
  -- Solve :
          min 11.4157  max 14.0261
  SkyLineMatrix: size pL/pU: 921 28912 28912 moy=31.392
  -- Solve :
          min 11.4565  max 14.1186
  SkyLineMatrix: size pL/pU: 921 28912 28912 moy=31.392
  -- Solve :
          min 11.4986  max 14.2115
  SkyLineMatrix: size pL/pU: 921 28912 28912 moy=31.392
  -- Solve :
          min 11.5419  max 14.3046
  SkyLineMatrix: size pL/pU: 921 28912 28912 moy=31.392
  -- Solve :
          min 11.5864  max 14.398
  SkyLineMatrix: size pL/pU: 921 28912 28912 moy=31.392
  -- Solve :
          min 11.6321  max 14.4916
  SkyLineMatrix: size pL/pU: 921 28912 28912 moy=31.392
  -- Solve :
          min 11.6791  max 14.5854
  SkyLineMatrix: size pL/pU: 921 28912 28912 moy=31.392
  -- Solve :
          min 11.7272  max 14.6794
  SkyLineMatrix: size pL/pU: 921 28912 28912 moy=31.392
  -- Solve :
          min 11.7765  max 14.7734
  SkyLineMatrix: size pL/pU: 921 28912 28912 moy=31.392
  -- Solve :
          min 11.8269  max 14.8675
  SkyLineMatrix: size pL/pU: 921 28912 28912 moy=31.392
  -- Solve :
          min 11.8784  max 14.9617
  SkyLineMatrix: size pL/pU: 921 28912 28912 moy=31.392
  -- Solve :
          min 11.9311  max 15.0559
  SkyLineMatrix: size pL/pU: 921 28912 28912 moy=31.392
  -- Solve :
          min 11.9848  max 15.1501
  SkyLineMatrix: size pL/pU: 921 28912 28912 moy=31.392
  -- Solve :
          min 12.0396  max 15.2442
  SkyLineMatrix: size pL/pU: 921 28912 28912 moy=31.392
  -- Solve :
          min 12.0955  max 15.3382
  SkyLineMatrix: size pL/pU: 921 28912 28912 moy=31.392
  -- Solve :
          min 12.1524  max 15.4321
  SkyLineMatrix: size pL/pU: 921 28912 28912 moy=31.392
  -- Solve :
          min 12.2103  max 15.5259
  SkyLineMatrix: size pL/pU: 921 28912 28912 moy=31.392
  -- Solve :
          min 12.2692  max 15.6194
  SkyLineMatrix: size pL/pU: 921 28912 28912 moy=31.392
  -- Solve :
          min 12.329  max 15.7128
  SkyLineMatrix: size pL/pU: 921 28912 28912 moy=31.392
  -- Solve :
          min 12.3899  max 15.8059
  SkyLineMatrix: size pL/pU: 921 28912 28912 moy=31.392
  -- Solve :
          min 12.4516  max 15.8987
  SkyLineMatrix: size pL/pU: 921 28912 28912 moy=31.392
  -- Solve :
          min 12.5142  max 15.9912
  SkyLineMatrix: size pL/pU: 921 28912 28912 moy=31.392
  -- Solve :
          min 12.5778  max 16.0833
  SkyLineMatrix: size pL/pU: 921 28912 28912 moy=31.392
  -- Solve :
          min 12.6421  max 16.1751
  SkyLineMatrix: size pL/pU: 921 28912 28912 moy=31.392
  -- Solve :
          min 12.7074  max 16.2664
  SkyLineMatrix: size pL/pU: 921 28912 28912 moy=31.392
  -- Solve :
          min 12.7734  max 16.3573
  SkyLineMatrix: size pL/pU: 921 28912 28912 moy=31.392
  -- Solve :
          min 12.8402  max 16.4477
  SkyLineMatrix: size pL/pU: 921 28912 28912 moy=31.392
  -- Solve :
          min 12.9078  max 16.5376
  SkyLineMatrix: size pL/pU: 921 28912 28912 moy=31.392
  -- Solve :
          min 12.9761  max 16.6269
  SkyLineMatrix: size pL/pU: 921 28912 28912 moy=31.392
  -- Solve :
          min 13.0452  max 16.7157
  SkyLineMatrix: size pL/pU: 921 28912 28912 moy=31.392
  -- Solve :
          min 13.1149  max 16.8038
  SkyLineMatrix: size pL/pU: 921 28912 28912 moy=31.392
  -- Solve :
          min 13.1854  max 16.8914
  SkyLineMatrix: size pL/pU: 921 28912 28912 moy=31.392
  -- Solve :
          min 13.2564  max 16.9782
  SkyLineMatrix: size pL/pU: 921 28912 28912 moy=31.392
  -- Solve :
          min 13.3281  max 17.0643
  SkyLineMatrix: size pL/pU: 921 28912 28912 moy=31.392
  -- Solve :
          min 13.4004  max 17.1497
  SkyLineMatrix: size pL/pU: 921 28912 28912 moy=31.392
  -- Solve :
          min 13.4732  max 17.2344
  SkyLineMatrix: size pL/pU: 921 28912 28912 moy=31.392
  -- Solve :
          min 13.5466  max 17.3182
  SkyLineMatrix: size pL/pU: 921 28912 28912 moy=31.392
  -- Solve :
          min 13.6205  max 17.4013
  SkyLineMatrix: size pL/pU: 921 28912 28912 moy=31.392
  -- Solve :
          min 13.6949  max 17.4834
  SkyLineMatrix: size pL/pU: 921 28912 28912 moy=31.392
  -- Solve :
          min 13.7697  max 17.5647
  SkyLineMatrix: size pL/pU: 921 28912 28912 moy=31.392
  -- Solve :
          min 13.845  max 17.6451
  SkyLineMatrix: size pL/pU: 921 28912 28912 moy=31.392
  -- Solve :
          min 13.9207  max 17.7245
  SkyLineMatrix: size pL/pU: 921 28912 28912 moy=31.392
  -- Solve :
          min 13.9968  max 17.803
  SkyLineMatrix: size pL/pU: 921 28912 28912 moy=31.392
  -- Solve :
          min 14.0732  max 17.8805
  SkyLineMatrix: size pL/pU: 921 28912 28912 moy=31.392
  -- Solve :
          min 14.15  max 17.9569
  SkyLineMatrix: size pL/pU: 921 28912 28912 moy=31.392
  -- Solve :
          min 14.227  max 18.0323
  SkyLineMatrix: size pL/pU: 921 28912 28912 moy=31.392
  -- Solve :
          min 14.3044  max 18.1066
  SkyLineMatrix: size pL/pU: 921 28912 28912 moy=31.392
  -- Solve :
          min 14.382  max 18.1799
  SkyLineMatrix: size pL/pU: 921 28912 28912 moy=31.392
  -- Solve :
          min 14.4598  max 18.2519
  SkyLineMatrix: size pL/pU: 921 28912 28912 moy=31.392
  -- Solve :
          min 14.5378  max 18.3229
  SkyLineMatrix: size pL/pU: 921 28912 28912 moy=31.392
  -- Solve :
          min 14.6159  max 18.3926
  SkyLineMatrix: size pL/pU: 921 28912 28912 moy=31.392
  -- Solve :
          min 14.6942  max 18.4612
  SkyLineMatrix: size pL/pU: 921 28912 28912 moy=31.392
  -- Solve :
          min 14.7726  max 18.5285
  SkyLineMatrix: size pL/pU: 921 28912 28912 moy=31.392
  -- Solve :
          min 14.8511  max 18.5946
  SkyLineMatrix: size pL/pU: 921 28912 28912 moy=31.392
  -- Solve :
          min 14.9296  max 18.6593
  SkyLineMatrix: size pL/pU: 921 28912 28912 moy=31.392
  -- Solve :
          min 15.0082  max 18.7228
  SkyLineMatrix: size pL/pU: 921 28912 28912 moy=31.392
  -- Solve :
          min 15.0868  max 18.785
  SkyLineMatrix: size pL/pU: 921 28912 28912 moy=31.392
  -- Solve :
          min 15.1653  max 18.8458
  SkyLineMatrix: size pL/pU: 921 28912 28912 moy=31.392
  -- Solve :
          min 15.2438  max 18.9053
  SkyLineMatrix: size pL/pU: 921 28912 28912 moy=31.392
  -- Solve :
          min 15.3221  max 18.9633
  SkyLineMatrix: size pL/pU: 921 28912 28912 moy=31.392
  -- Solve :
          min 15.4004  max 19.02
  SkyLineMatrix: size pL/pU: 921 28912 28912 moy=31.392
  -- Solve :
          min 15.4785  max 19.0752
  SkyLineMatrix: size pL/pU: 921 28912 28912 moy=31.392
  -- Solve :
          min 15.5565  max 19.129
  SkyLineMatrix: size pL/pU: 921 28912 28912 moy=31.392
  -- Solve :
          min 15.6342  max 19.1813
  SkyLineMatrix: size pL/pU: 921 28912 28912 moy=31.392
  -- Solve :
          min 15.7118  max 19.2321
  SkyLineMatrix: size pL/pU: 921 28912 28912 moy=31.392
  -- Solve :
          min 15.7891  max 19.2815
  SkyLineMatrix: size pL/pU: 921 28912 28912 moy=31.392
  -- Solve :
          min 15.8661  max 19.3293
  SkyLineMatrix: size pL/pU: 921 28912 28912 moy=31.392
  -- Solve :
          min 15.9427  max 19.3755
  SkyLineMatrix: size pL/pU: 921 28912 28912 moy=31.392
  -- Solve :
          min 16.0191  max 19.4202
  SkyLineMatrix: size pL/pU: 921 28912 28912 moy=31.392
  -- Solve :
          min 16.0951  max 19.4634
  SkyLineMatrix: size pL/pU: 921 28912 28912 moy=31.392
  -- Solve :
          min 16.1707  max 19.5049
  SkyLineMatrix: size pL/pU: 921 28912 28912 moy=31.392
  -- Solve :
          min 16.2459  max 19.5449
  SkyLineMatrix: size pL/pU: 921 28912 28912 moy=31.392
  -- Solve :
          min 16.3206  max 19.5832
  SkyLineMatrix: size pL/pU: 921 28912 28912 moy=31.392
  -- Solve :
          min 16.3949  max 19.6199
  SkyLineMatrix: size pL/pU: 921 28912 28912 moy=31.392
  -- Solve :
          min 16.4687  max 19.655
  SkyLineMatrix: size pL/pU: 921 28912 28912 moy=31.392
  -- Solve :
          min 16.5419  max 19.6884
  SkyLineMatrix: size pL/pU: 921 28912 28912 moy=31.392
  -- Solve :
          min 16.6146  max 19.7202
  SkyLineMatrix: size pL/pU: 921 28912 28912 moy=31.392
  -- Solve :
          min 16.6868  max 19.7502
  SkyLineMatrix: size pL/pU: 921 28912 28912 moy=31.392
  -- Solve :
          min 16.7583  max 19.7786
  SkyLineMatrix: size pL/pU: 921 28912 28912 moy=31.392
  -- Solve :
          min 16.8292  max 19.8053
  SkyLineMatrix: size pL/pU: 921 28912 28912 moy=31.392
  -- Solve :
          min 16.8995  max 19.8303
  SkyLineMatrix: size pL/pU: 921 28912 28912 moy=31.392
  -- Solve :
          min 16.969  max 19.8536
  SkyLineMatrix: size pL/pU: 921 28912 28912 moy=31.392
  -- Solve :
          min 17.0379  max 19.8751
  SkyLineMatrix: size pL/pU: 921 28912 28912 moy=31.392
  -- Solve :
          min 17.1061  max 19.8949
  SkyLineMatrix: size pL/pU: 921 28912 28912 moy=31.392
  -- Solve :
          min 17.1735  max 19.913
  SkyLineMatrix: size pL/pU: 921 28912 28912 moy=31.392
  -- Solve :
          min 17.2401  max 19.9293
  SkyLineMatrix: size pL/pU: 921 28912 28912 moy=31.392
  -- Solve :
          min 17.306  max 19.9439
  SkyLineMatrix: size pL/pU: 921 28912 28912 moy=31.392
  -- Solve :
          min 17.371  max 19.9567
  SkyLineMatrix: size pL/pU: 921 28912 28912 moy=31.392
  -- Solve :
          min 17.4352  max 19.9677
  SkyLineMatrix: size pL/pU: 921 28912 28912 moy=31.392
  -- Solve :
          min 17.4985  max 19.977
  SkyLineMatrix: size pL/pU: 921 28912 28912 moy=31.392
  -- Solve :
          min 17.5609  max 19.9846
  SkyLineMatrix: size pL/pU: 921 28912 28912 moy=31.392
  -- Solve :
          min 17.6225  max 19.9903
  SkyLineMatrix: size pL/pU: 921 28912 28912 moy=31.392
  -- Solve :
          min 17.683  max 19.9943
  SkyLineMatrix: size pL/pU: 921 28912 28912 moy=31.392
  -- Solve :
          min 17.7427  max 19.9965
  SkyLineMatrix: size pL/pU: 921 28912 28912 moy=31.392
  -- Solve :
          min 17.8013  max 19.9969
  SkyLineMatrix: size pL/pU: 921 28912 28912 moy=31.392
  -- Solve :
          min 17.859  max 19.9956
  SkyLineMatrix: size pL/pU: 921 28912 28912 moy=31.392
  -- Solve :
          min 17.9156  max 19.9925
  SkyLineMatrix: size pL/pU: 921 28912 28912 moy=31.392
  -- Solve :
          min 17.9713  max 19.9876
  SkyLineMatrix: size pL/pU: 921 28912 28912 moy=31.392
  -- Solve :
          min 18.0258  max 19.9809
  SkyLineMatrix: size pL/pU: 921 28912 28912 moy=31.392
  -- Solve :
          min 18.0793  max 19.9725
  SkyLineMatrix: size pL/pU: 921 28912 28912 moy=31.392
  -- Solve :
          min 18.1317  max 19.9623
  SkyLineMatrix: size pL/pU: 921 28912 28912 moy=31.392
  -- Solve :
          min 18.1829  max 19.9503
  SkyLineMatrix: size pL/pU: 921 28912 28912 moy=31.392
  -- Solve :
          min 18.2331  max 19.9366
  SkyLineMatrix: size pL/pU: 921 28912 28912 moy=31.392
  -- Solve :
          min 18.2821  max 19.9211
  SkyLineMatrix: size pL/pU: 921 28912 28912 moy=31.392
  -- Solve :
          min 18.3299  max 19.9039
  SkyLineMatrix: size pL/pU: 921 28912 28912 moy=31.392
  -- Solve :
          min 18.3766  max 19.885
  SkyLineMatrix: size pL/pU: 921 28912 28912 moy=31.392
  -- Solve :
          min 18.422  max 19.8643
  SkyLineMatrix: size pL/pU: 921 28912 28912 moy=31.392
  -- Solve :
          min 18.4662  max 19.8418
  SkyLineMatrix: size pL/pU: 921 28912 28912 moy=31.392
  -- Solve :
          min 18.5092  max 19.8177
  SkyLineMatrix: size pL/pU: 921 28912 28912 moy=31.392
  -- Solve :
          min 18.551  max 19.7918
  SkyLineMatrix: size pL/pU: 921 28912 28912 moy=31.392
  -- Solve :
          min 18.5915  max 19.7643
  SkyLineMatrix: size pL/pU: 921 28912 28912 moy=31.392
  -- Solve :
          min 18.6307  max 19.735
  SkyLineMatrix: size pL/pU: 921 28912 28912 moy=31.392
  -- Solve :
          min 18.6686  max 19.7041
  SkyLineMatrix: size pL/pU: 921 28912 28912 moy=31.392
  -- Solve :
          min 18.7052  max 19.6715
  SkyLineMatrix: size pL/pU: 921 28912 28912 moy=31.392
  -- Solve :
          min 18.7405  max 19.6372
  SkyLineMatrix: size pL/pU: 921 28912 28912 moy=31.392
  -- Solve :
          min 18.7745  max 19.6013
  SkyLineMatrix: size pL/pU: 921 28912 28912 moy=31.392
  -- Solve :
          min 18.8071  max 19.5644
  SkyLineMatrix: size pL/pU: 921 28912 28912 moy=31.392
  -- Solve :
          min 18.8384  max 19.5328
  SkyLineMatrix: size pL/pU: 921 28912 28912 moy=31.392
  -- Solve :
          min 18.8683  max 19.5007
  SkyLineMatrix: size pL/pU: 921 28912 28912 moy=31.392
  -- Solve :
          min 18.8969  max 19.4693
  SkyLineMatrix: size pL/pU: 921 28912 28912 moy=31.392
  -- Solve :
          min 18.924  max 19.4399
  SkyLineMatrix: size pL/pU: 921 28912 28912 moy=31.392
  -- Solve :
          min 18.9498  max 19.4126
  SkyLineMatrix: size pL/pU: 921 28912 28912 moy=31.392
  -- Solve :
          min 18.9741  max 19.3857
  SkyLineMatrix: size pL/pU: 921 28912 28912 moy=31.392
  -- Solve :
          min 18.9971  max 19.3609
  SkyLineMatrix: size pL/pU: 921 28912 28912 moy=31.392
  -- Solve :
          min 19.0186  max 19.338
  SkyLineMatrix: size pL/pU: 921 28912 28912 moy=31.392
  -- Solve :
          min 19.0387  max 19.3156
  SkyLineMatrix: size pL/pU: 921 28912 28912 moy=31.392
  -- Solve :
          min 19.0574  max 19.2957
  SkyLineMatrix: size pL/pU: 921 28912 28912 moy=31.392
  -- Solve :
          min 19.0467  max 19.2768
  SkyLineMatrix: size pL/pU: 921 28912 28912 moy=31.392
  -- Solve :
          min 18.9907  max 19.259
  SkyLineMatrix: size pL/pU: 921 28912 28912 moy=31.392
  -- Solve :
          min 18.9333  max 19.2436
  SkyLineMatrix: size pL/pU: 921 28912 28912 moy=31.392
  -- Solve :
          min 18.8745  max 19.2291
  SkyLineMatrix: size pL/pU: 921 28912 28912 moy=31.392
  -- Solve :
          min 18.8143  max 19.2162
  SkyLineMatrix: size pL/pU: 921 28912 28912 moy=31.392
  -- Solve :
          min 18.7528  max 19.2048
  SkyLineMatrix: size pL/pU: 921 28912 28912 moy=31.392
  -- Solve :
          min 18.69  max 19.1949
  SkyLineMatrix: size pL/pU: 921 28912 28912 moy=31.392
  -- Solve :
          min 18.6258  max 19.1868
  SkyLineMatrix: size pL/pU: 921 28912 28912 moy=31.392
  -- Solve :
          min 18.5603  max 19.18
  SkyLineMatrix: size pL/pU: 921 28912 28912 moy=31.392
  -- Solve :
          min 18.4936  max 19.1745
  SkyLineMatrix: size pL/pU: 921 28912 28912 moy=31.392
  -- Solve :
          min 18.4257  max 19.1706
  SkyLineMatrix: size pL/pU: 921 28912 28912 moy=31.392
  -- Solve :
          min 18.3565  max 19.1682
  SkyLineMatrix: size pL/pU: 921 28912 28912 moy=31.392
  -- Solve :
          min 18.2861  max 19.1671
  SkyLineMatrix: size pL/pU: 921 28912 28912 moy=31.392
  -- Solve :
          min 18.2146  max 19.1652
  SkyLineMatrix: size pL/pU: 921 28912 28912 moy=31.392
  -- Solve :
          min 18.1419  max 19.1619
  SkyLineMatrix: size pL/pU: 921 28912 28912 moy=31.392
  -- Solve :
          min 18.0681  max 19.157
  SkyLineMatrix: size pL/pU: 921 28912 28912 moy=31.392
  -- Solve :
          min 17.9932  max 19.1507
  SkyLineMatrix: size pL/pU: 921 28912 28912 moy=31.392
  -- Solve :
          min 17.9173  max 19.1429
  SkyLineMatrix: size pL/pU: 921 28912 28912 moy=31.392
  -- Solve :
          min 17.8403  max 19.1336
  SkyLineMatrix: size pL/pU: 921 28912 28912 moy=31.392
  -- Solve :
          min 17.7623  max 19.1229
  SkyLineMatrix: size pL/pU: 921 28912 28912 moy=31.392
  -- Solve :
          min 17.6833  max 19.1107
  SkyLineMatrix: size pL/pU: 921 28912 28912 moy=31.392
  -- Solve :
          min 17.6034  max 19.097
  SkyLineMatrix: size pL/pU: 921 28912 28912 moy=31.392
  -- Solve :
          min 17.5225  max 19.0819
  SkyLineMatrix: size pL/pU: 921 28912 28912 moy=31.392
  -- Solve :
          min 17.4408  max 19.0653
  SkyLineMatrix: size pL/pU: 921 28912 28912 moy=31.392
  -- Solve :
          min 17.3582  max 19.0473
  SkyLineMatrix: size pL/pU: 921 28912 28912 moy=31.392
  -- Solve :
          min 17.2747  max 19.0279
  SkyLineMatrix: size pL/pU: 921 28912 28912 moy=31.392
  -- Solve :
          min 17.1904  max 19.007
  SkyLineMatrix: size pL/pU: 921 28912 28912 moy=31.392
  -- Solve :
          min 17.1054  max 18.9847
  SkyLineMatrix: size pL/pU: 921 28912 28912 moy=31.392
  -- Solve :
          min 17.0196  max 18.9609
  SkyLineMatrix: size pL/pU: 921 28912 28912 moy=31.392
  -- Solve :
          min 16.9331  max 18.9358
  SkyLineMatrix: size pL/pU: 921 28912 28912 moy=31.392
  -- Solve :
          min 16.8459  max 18.9093
  SkyLineMatrix: size pL/pU: 921 28912 28912 moy=31.392
  -- Solve :
          min 16.7581  max 18.8814
  SkyLineMatrix: size pL/pU: 921 28912 28912 moy=31.392
  -- Solve :
          min 16.6696  max 18.8521
  SkyLineMatrix: size pL/pU: 921 28912 28912 moy=31.392
  -- Solve :
          min 16.5805  max 18.8214
  SkyLineMatrix: size pL/pU: 921 28912 28912 moy=31.392
  -- Solve :
          min 16.4909  max 18.7894
  SkyLineMatrix: size pL/pU: 921 28912 28912 moy=31.392
  -- Solve :
          min 16.4007  max 18.756
  SkyLineMatrix: size pL/pU: 921 28912 28912 moy=31.392
  -- Solve :
          min 16.3101  max 18.7213
  SkyLineMatrix: size pL/pU: 921 28912 28912 moy=31.392
  -- Solve :
          min 16.2189  max 18.6853
  SkyLineMatrix: size pL/pU: 921 28912 28912 moy=31.392
  -- Solve :
          min 16.1274  max 18.648
  SkyLineMatrix: size pL/pU: 921 28912 28912 moy=31.392
  -- Solve :
          min 16.0354  max 18.6093
  SkyLineMatrix: size pL/pU: 921 28912 28912 moy=31.392
  -- Solve :
          min 15.9431  max 18.5694
  SkyLineMatrix: size pL/pU: 921 28912 28912 moy=31.392
  -- Solve :
          min 15.8504  max 18.5282
  SkyLineMatrix: size pL/pU: 921 28912 28912 moy=31.392
  -- Solve :
          min 15.7575  max 18.4858
  SkyLineMatrix: size pL/pU: 921 28912 28912 moy=31.392
  -- Solve :
          min 15.6643  max 18.4421
  SkyLineMatrix: size pL/pU: 921 28912 28912 moy=31.392
  -- Solve :
          min 15.5708  max 18.3972
  SkyLineMatrix: size pL/pU: 921 28912 28912 moy=31.392
  -- Solve :
          min 15.4771  max 18.3511
  SkyLineMatrix: size pL/pU: 921 28912 28912 moy=31.392
  -- Solve :
          min 15.3833  max 18.3038
  SkyLineMatrix: size pL/pU: 921 28912 28912 moy=31.392
  -- Solve :
          min 15.2893  max 18.2554
  SkyLineMatrix: size pL/pU: 921 28912 28912 moy=31.392
  -- Solve :
          min 15.1952  max 18.2057
  SkyLineMatrix: size pL/pU: 921 28912 28912 moy=31.392
  -- Solve :
          min 15.1011  max 18.155
  SkyLineMatrix: size pL/pU: 921 28912 28912 moy=31.392
  -- Solve :
          min 15.0069  max 18.1031
  SkyLineMatrix: size pL/pU: 921 28912 28912 moy=31.392
  -- Solve :
          min 14.9127  max 18.0501
  SkyLineMatrix: size pL/pU: 921 28912 28912 moy=31.392
  -- Solve :
          min 14.8186  max 17.996
  SkyLineMatrix: size pL/pU: 921 28912 28912 moy=31.392
  -- Solve :
          min 14.7245  max 17.9409
  SkyLineMatrix: size pL/pU: 921 28912 28912 moy=31.392
  -- Solve :
          min 14.6305  max 17.8847
  SkyLineMatrix: size pL/pU: 921 28912 28912 moy=31.392
  -- Solve :
          min 14.5366  max 17.8275
  SkyLineMatrix: size pL/pU: 921 28912 28912 moy=31.392
  -- Solve :
          min 14.4429  max 17.7693
  SkyLineMatrix: size pL/pU: 921 28912 28912 moy=31.392
  -- Solve :
          min 14.3494  max 17.7101
  SkyLineMatrix: size pL/pU: 921 28912 28912 moy=31.392
  -- Solve :
          min 14.2562  max 17.65
  SkyLineMatrix: size pL/pU: 921 28912 28912 moy=31.392
  -- Solve :
          min 14.1631  max 17.5889
  SkyLineMatrix: size pL/pU: 921 28912 28912 moy=31.392
  -- Solve :
          min 14.0704  max 17.5268
  SkyLineMatrix: size pL/pU: 921 28912 28912 moy=31.392
  -- Solve :
          min 13.9781  max 17.4639
  SkyLineMatrix: size pL/pU: 921 28912 28912 moy=31.392
  -- Solve :
          min 13.8861  max 17.4001
  SkyLineMatrix: size pL/pU: 921 28912 28912 moy=31.392
  -- Solve :
          min 13.7944  max 17.3355
  SkyLineMatrix: size pL/pU: 921 28912 28912 moy=31.392
  -- Solve :
          min 13.7032  max 17.27
  SkyLineMatrix: size pL/pU: 921 28912 28912 moy=31.392
  -- Solve :
          min 13.6125  max 17.2037
  SkyLineMatrix: size pL/pU: 921 28912 28912 moy=31.392
  -- Solve :
          min 13.5223  max 17.1367
  SkyLineMatrix: size pL/pU: 921 28912 28912 moy=31.392
  -- Solve :
          min 13.4326  max 17.0689
  SkyLineMatrix: size pL/pU: 921 28912 28912 moy=31.392
  -- Solve :
          min 13.3434  max 17.0003
  SkyLineMatrix: size pL/pU: 921 28912 28912 moy=31.392
  -- Solve :
          min 13.2549  max 16.931
  SkyLineMatrix: size pL/pU: 921 28912 28912 moy=31.392
  -- Solve :
          min 13.1669  max 16.8611
  SkyLineMatrix: size pL/pU: 921 28912 28912 moy=31.392
  -- Solve :
          min 13.0796  max 16.7905
  SkyLineMatrix: size pL/pU: 921 28912 28912 moy=31.392
  -- Solve :
          min 12.993  max 16.7192
  SkyLineMatrix: size pL/pU: 921 28912 28912 moy=31.392
  -- Solve :
          min 12.9071  max 16.6473
  SkyLineMatrix: size pL/pU: 921 28912 28912 moy=31.392
  -- Solve :
          min 12.822  max 16.5749
  SkyLineMatrix: size pL/pU: 921 28912 28912 moy=31.392
  -- Solve :
          min 12.7376  max 16.5019
  SkyLineMatrix: size pL/pU: 921 28912 28912 moy=31.392
  -- Solve :
          min 12.654  max 16.4283
  SkyLineMatrix: size pL/pU: 921 28912 28912 moy=31.392
  -- Solve :
          min 12.5713  max 16.3543
  SkyLineMatrix: size pL/pU: 921 28912 28912 moy=31.392
  -- Solve :
          min 12.4894  max 16.2798
  SkyLineMatrix: size pL/pU: 921 28912 28912 moy=31.392
  -- Solve :
          min 12.4084  max 16.2048
  SkyLineMatrix: size pL/pU: 921 28912 28912 moy=31.392
  -- Solve :
          min 12.3283  max 16.1294
  SkyLineMatrix: size pL/pU: 921 28912 28912 moy=31.392
  -- Solve :
          min 12.2492  max 16.0536
  SkyLineMatrix: size pL/pU: 921 28912 28912 moy=31.392
  -- Solve :
          min 12.1711  max 15.9774
  SkyLineMatrix: size pL/pU: 921 28912 28912 moy=31.392
  -- Solve :
          min 12.0939  max 15.9008
  SkyLineMatrix: size pL/pU: 921 28912 28912 moy=31.392
  -- Solve :
          min 12.0178  max 15.824
  SkyLineMatrix: size pL/pU: 921 28912 28912 moy=31.392
  -- Solve :
          min 11.9428  max 15.7468
  SkyLineMatrix: size pL/pU: 921 28912 28912 moy=31.392
  -- Solve :
          min 11.8688  max 15.6694
  SkyLineMatrix: size pL/pU: 921 28912 28912 moy=31.392
  -- Solve :
          min 11.796  max 15.5918
  SkyLineMatrix: size pL/pU: 921 28912 28912 moy=31.392
  -- Solve :
          min 11.7243  max 15.5139
  SkyLineMatrix: size pL/pU: 921 28912 28912 moy=31.392
  -- Solve :
          min 11.6537  max 15.4359
  SkyLineMatrix: size pL/pU: 921 28912 28912 moy=31.392
  -- Solve :
          min 11.5844  max 15.3577
  SkyLineMatrix: size pL/pU: 921 28912 28912 moy=31.392
  -- Solve :
          min 11.5162  max 15.2793
  SkyLineMatrix: size pL/pU: 921 28912 28912 moy=31.392
  -- Solve :
          min 11.4493  max 15.2009
  SkyLineMatrix: size pL/pU: 921 28912 28912 moy=31.392
  -- Solve :
          min 11.3837  max 15.1224
  SkyLineMatrix: size pL/pU: 921 28912 28912 moy=31.392
  -- Solve :
          min 11.3193  max 15.0439
  SkyLineMatrix: size pL/pU: 921 28912 28912 moy=31.392
  -- Solve :
          min 11.2563  max 14.9653
  SkyLineMatrix: size pL/pU: 921 28912 28912 moy=31.392
  -- Solve :
          min 11.1946  max 14.8868
  SkyLineMatrix: size pL/pU: 921 28912 28912 moy=31.392
  -- Solve :
          min 11.1342  max 14.8083
  SkyLineMatrix: size pL/pU: 921 28912 28912 moy=31.392
  -- Solve :
          min 11.0752  max 14.7298
  SkyLineMatrix: size pL/pU: 921 28912 28912 moy=31.392
  -- Solve :
          min 11.0176  max 14.6515
  SkyLineMatrix: size pL/pU: 921 28912 28912 moy=31.392
  -- Solve :
          min 10.9614  max 14.5733
  SkyLineMatrix: size pL/pU: 921 28912 28912 moy=31.392
  -- Solve :
          min 10.9067  max 14.4952
  SkyLineMatrix: size pL/pU: 921 28912 28912 moy=31.392
  -- Solve :
          min 10.8534  max 14.4173
  SkyLineMatrix: size pL/pU: 921 28912 28912 moy=31.392
  -- Solve :
          min 10.8016  max 14.3397
  SkyLineMatrix: size pL/pU: 921 28912 28912 moy=31.392
  -- Solve :
          min 10.7513  max 14.2622
  SkyLineMatrix: size pL/pU: 921 28912 28912 moy=31.392
  -- Solve :
          min 10.7024  max 14.185
  SkyLineMatrix: size pL/pU: 921 28912 28912 moy=31.392
  -- Solve :
          min 10.6551  max 14.1081
  SkyLineMatrix: size pL/pU: 921 28912 28912 moy=31.392
  -- Solve :
          min 10.6094  max 14.0316
  SkyLineMatrix: size pL/pU: 921 28912 28912 moy=31.392
  -- Solve :
          min 10.5652  max 13.9553
  SkyLineMatrix: size pL/pU: 921 28912 28912 moy=31.392
  -- Solve :
          min 10.5226  max 13.8795
  SkyLineMatrix: size pL/pU: 921 28912 28912 moy=31.392
  -- Solve :
          min 10.4816  max 13.804
  SkyLineMatrix: size pL/pU: 921 28912 28912 moy=31.392
  -- Solve :
          min 10.4422  max 13.729
  SkyLineMatrix: size pL/pU: 921 28912 28912 moy=31.392
  -- Solve :
          min 10.4044  max 13.6544
  SkyLineMatrix: size pL/pU: 921 28912 28912 moy=31.392
  -- Solve :
          min 10.3682  max 13.5803
  SkyLineMatrix: size pL/pU: 921 28912 28912 moy=31.392
  -- Solve :
          min 10.3337  max 13.5067
  SkyLineMatrix: size pL/pU: 921 28912 28912 moy=31.392
  -- Solve :
          min 10.3008  max 13.4336
  SkyLineMatrix: size pL/pU: 921 28912 28912 moy=31.392
  -- Solve :
          min 10.2696  max 13.3611
  SkyLineMatrix: size pL/pU: 921 28912 28912 moy=31.392
  -- Solve :
          min 10.2401  max 13.2892
  SkyLineMatrix: size pL/pU: 921 28912 28912 moy=31.392
  -- Solve :
          min 10.2123  max 13.2179
  SkyLineMatrix: size pL/pU: 921 28912 28912 moy=31.392
  -- Solve :
          min 10.1862  max 13.1472
  SkyLineMatrix: size pL/pU: 921 28912 28912 moy=31.392
  -- Solve :
          min 10.1618  max 13.0771
  SkyLineMatrix: size pL/pU: 921 28912 28912 moy=31.392
  -- Solve :
          min 10.1391  max 13.0078
  SkyLineMatrix: size pL/pU: 921 28912 28912 moy=31.392
  -- Solve :
          min 10.1181  max 12.9391
  SkyLineMatrix: size pL/pU: 921 28912 28912 moy=31.392
  -- Solve :
          min 10.0989  max 12.8712
  SkyLineMatrix: size pL/pU: 921 28912 28912 moy=31.392
  -- Solve :
          min 10.0814  max 12.8041
  SkyLineMatrix: size pL/pU: 921 28912 28912 moy=31.392
  -- Solve :
          min 10.0657  max 12.7377
  SkyLineMatrix: size pL/pU: 921 28912 28912 moy=31.392
  -- Solve :
          min 10.0517  max 12.6721
  SkyLineMatrix: size pL/pU: 921 28912 28912 moy=31.392
  -- Solve :
          min 10.0394  max 12.6074
  SkyLineMatrix: size pL/pU: 921 28912 28912 moy=31.392
  -- Solve :
          min 10.029  max 12.5435
  SkyLineMatrix: size pL/pU: 921 28912 28912 moy=31.392
  -- Solve :
          min 10.0203  max 12.4805
  SkyLineMatrix: size pL/pU: 921 28912 28912 moy=31.392
  -- Solve :
          min 10.0133  max 12.4184
  SkyLineMatrix: size pL/pU: 921 28912 28912 moy=31.392
  -- Solve :
          min 10.0082  max 12.3571
  SkyLineMatrix: size pL/pU: 921 28912 28912 moy=31.392
  -- Solve :
          min 10.0048  max 12.2969
  SkyLineMatrix: size pL/pU: 921 28912 28912 moy=31.392
  -- Solve :
          min 10.0032  max 12.2376
  SkyLineMatrix: size pL/pU: 921 28912 28912 moy=31.392
  -- Solve :
          min 10.0033  max 12.1792
  SkyLineMatrix: size pL/pU: 921 28912 28912 moy=31.392
  -- Solve :
          min 10.0052  max 12.1219
  SkyLineMatrix: size pL/pU: 921 28912 28912 moy=31.392
  -- Solve :
          min 10.009  max 12.0656
  SkyLineMatrix: size pL/pU: 921 28912 28912 moy=31.392
  -- Solve :
          min 10.0144  max 12.0104
  SkyLineMatrix: size pL/pU: 921 28912 28912 moy=31.392
  -- Solve :
          min 10.0217  max 11.9562
  SkyLineMatrix: size pL/pU: 921 28912 28912 moy=31.392
  -- Solve :
          min 10.0307  max 11.903
  SkyLineMatrix: size pL/pU: 921 28912 28912 moy=31.392
  -- Solve :
          min 10.0415  max 11.851
  SkyLineMatrix: size pL/pU: 921 28912 28912 moy=31.392
  -- Solve :
          min 10.054  max 11.8001
  SkyLineMatrix: size pL/pU: 921 28912 28912 moy=31.392
  -- Solve :
          min 10.0683  max 11.7504
  SkyLineMatrix: size pL/pU: 921 28912 28912 moy=31.392
  -- Solve :
          min 10.0844  max 11.7018
  SkyLineMatrix: size pL/pU: 921 28912 28912 moy=31.392
  -- Solve :
          min 10.1022  max 11.6543
  SkyLineMatrix: size pL/pU: 921 28912 28912 moy=31.392
  -- Solve :
          min 10.1217  max 11.6081
  SkyLineMatrix: size pL/pU: 921 28912 28912 moy=31.392
  -- Solve :
          min 10.143  max 11.5631
  SkyLineMatrix: size pL/pU: 921 28912 28912 moy=31.392
  -- Solve :
          min 10.166  max 11.5192
  SkyLineMatrix: size pL/pU: 921 28912 28912 moy=31.392
  -- Solve :
          min 10.1907  max 11.4767
  SkyLineMatrix: size pL/pU: 921 28912 28912 moy=31.392
  -- Solve :
          min 10.2172  max 11.4353
  SkyLineMatrix: size pL/pU: 921 28912 28912 moy=31.392
  -- Solve :
          min 10.2453  max 11.3953
  SkyLineMatrix: size pL/pU: 921 28912 28912 moy=31.392
  -- Solve :
          min 10.2751  max 11.3565
  SkyLineMatrix: size pL/pU: 921 28912 28912 moy=31.392
  -- Solve :
          min 10.3066  max 11.319
  SkyLineMatrix: size pL/pU: 921 28912 28912 moy=31.392
  -- Solve :
          min 10.3398  max 11.2828
  SkyLineMatrix: size pL/pU: 921 28912 28912 moy=31.392
  -- Solve :
          min 10.3746  max 11.248
  SkyLineMatrix: size pL/pU: 921 28912 28912 moy=31.392
  -- Solve :
          min 10.411  max 11.2144
  SkyLineMatrix: size pL/pU: 921 28912 28912 moy=31.392
  -- Solve :
          min 10.4465  max 11.1823
  SkyLineMatrix: size pL/pU: 921 28912 28912 moy=31.392
  -- Solve :
          min 10.4778  max 11.1514
  SkyLineMatrix: size pL/pU: 921 28912 28912 moy=31.392
  -- Solve :
          min 10.5095  max 11.122
  SkyLineMatrix: size pL/pU: 921 28912 28912 moy=31.392
  -- Solve :
          min 10.5412  max 11.0939
  SkyLineMatrix: size pL/pU: 921 28912 28912 moy=31.392
  -- Solve :
          min 10.5691  max 11.0672
  SkyLineMatrix: size pL/pU: 921 28912 28912 moy=31.392
  -- Solve :
          min 10.5968  max 11.0419
^C try getConsole P:\4A\MNS2\tp4\tp4_exo3.edp
