c:\users\natha\documents\github\4th-year-polytech\c++\tp_note2\tp_note2\x64\debug\vc143.pdb
c:\users\natha\documents\github\4th-year-polytech\c++\tp_note2\tp_note2\x64\debug\vc143.idb
c:\users\natha\documents\github\4th-year-polytech\c++\tp_note2\tp_note2\x64\debug\programme.obj
c:\users\natha\documents\github\4th-year-polytech\c++\tp_note2\tp_note2\x64\debug\plateau.obj
c:\users\natha\documents\github\4th-year-polytech\c++\tp_note2\tp_note2\x64\debug\labyrinthe.obj
c:\users\natha\documents\github\4th-year-polytech\c++\tp_note2\tp_note2\x64\debug\fonctions.obj
c:\users\natha\documents\github\4th-year-polytech\c++\tp_note2\tp_note2\x64\debug\sortie.obj
c:\users\natha\documents\github\4th-year-polytech\c++\tp_note2\tp_note2\x64\debug\personnage.obj
c:\users\natha\documents\github\4th-year-polytech\c++\tp_note2\tp_note2\x64\debug\objetgraphiquemobile.obj
c:\users\natha\documents\github\4th-year-polytech\c++\tp_note2\tp_note2\x64\debug\objetgraphiquefixe.obj
c:\users\natha\documents\github\4th-year-polytech\c++\tp_note2\tp_note2\x64\debug\objetgraphique.obj
c:\users\natha\documents\github\4th-year-polytech\c++\tp_note2\tp_note2\x64\debug\mur.obj
c:\users\natha\documents\github\4th-year-polytech\c++\tp_note2\tp_note2\x64\debug\couloir.obj
c:\users\natha\documents\github\4th-year-polytech\c++\tp_note2\x64\debug\tp_note2.exe
c:\users\natha\documents\github\4th-year-polytech\c++\tp_note2\x64\debug\tp_note2.pdb
c:\users\natha\documents\github\4th-year-polytech\c++\tp_note2\tp_note2\x64\debug\tp_note2.ilk
c:\users\natha\documents\github\4th-year-polytech\c++\tp_note2\tp_note2\x64\debug\tp_note2.obj
c:\users\natha\documents\github\4th-year-polytech\c++\tp_note2\tp_note2\x64\debug\tp_note2.tlog\cl.command.1.tlog
c:\users\natha\documents\github\4th-year-polytech\c++\tp_note2\tp_note2\x64\debug\tp_note2.tlog\cl.items.tlog
c:\users\natha\documents\github\4th-year-polytech\c++\tp_note2\tp_note2\x64\debug\tp_note2.tlog\cl.read.1.tlog
c:\users\natha\documents\github\4th-year-polytech\c++\tp_note2\tp_note2\x64\debug\tp_note2.tlog\cl.write.1.tlog
c:\users\natha\documents\github\4th-year-polytech\c++\tp_note2\tp_note2\x64\debug\tp_note2.tlog\link.command.1.tlog
c:\users\natha\documents\github\4th-year-polytech\c++\tp_note2\tp_note2\x64\debug\tp_note2.tlog\link.read.1.tlog
c:\users\natha\documents\github\4th-year-polytech\c++\tp_note2\tp_note2\x64\debug\tp_note2.tlog\link.secondary.1.tlog
c:\users\natha\documents\github\4th-year-polytech\c++\tp_note2\tp_note2\x64\debug\tp_note2.tlog\link.write.1.tlog
