   38 :
   39 : // b) Conditions aux bords avec u = 1 sur le bord du carré et u = 0 sur le bord du Disque
   40 : problem laplacien(uh, vh, solver = LU) = int2d(Th)(dx(uh)*dx(vh) + dy(uh)*dy(vh)) - int2d(Th)(f*vh) + on(C, uh = 1) + on(D, uh = 0);
   41 :
   42 : cout << "Temps CPU apres def du probleme var = " << (clock() - cpu) << endl;
   43 :
   44 :
   45 : //Resolution du probleme
   46 : laplacien;
   47 : cout << "Temps CPU apres resolution = " << (clock() - cpu) << endl;
   48 :
   49 : //On visualise le maillage et le resultat
   50 : plot(Th, wait=true);
   51 : plot(uh, wait = true); sizestack + 1024 =1840  ( 816 )
 
  --  mesh:  Nb of Triangles =    456, Nb of Vertices 278
Temps CPU apres def du domaine = 0
Temps CPU apres def du maillage = 0
Temps CPU apres def du probleme var = 0
  SkyLineMatrix: size pL/pU: 278 3413 3413 moy=12.277
  -- Solve :
          min 2.90716e-63  max 0.0109075
Temps CPU apres resolution = 0
times: compile 0.047s, execution 0.741s,  mpirank:0
 ######## unfreed pointers   1455 Nb pointer,   0Bytes  ,  mpirank 0, memory leak =0
 CodeAlloc : nb ptr  4121,  size :540112 mpirank: 0
Ok: Normal End
 try getConsole C:\Users\natha\Documents\Git\4th-year-Polytech\Methodes numeriques et simulation\MNS2\TP1\ex2.edp
